2022-04-19 10:29:50.546 [INFO] [main]
                [com.example.simpleproject.SimpleProjectApplication:55] Starting SimpleProjectApplication using Java 18 on plphu with PID 16004 (C:\Users\plphu\Desktop\simple-project\simple-project\simple-project\target\classes started by plphu in C:\Users\plphu\Desktop\simple-project\simple-project\simple-project)
2022-04-19 10:29:50.564 [INFO] [main]
                [com.example.simpleproject.SimpleProjectApplication:640] No active profile set, falling back to 1 default profile: "default"
2022-04-19 10:29:55.138 [INFO] [main]
                [org.apache.coyote.http11.Http11NioProtocol:173] Initializing ProtocolHandler ["http-nio-8083"]
2022-04-19 10:29:55.138 [INFO] [main]
                [org.apache.catalina.core.StandardService:173] Starting service [Tomcat]
2022-04-19 10:29:55.139 [INFO] [main]
                [org.apache.catalina.core.StandardEngine:173] Starting Servlet engine: [Apache Tomcat/9.0.60]
2022-04-19 10:29:55.565 [INFO] [main]
                [org.apache.catalina.core.ContainerBase.[Tomcat].[localhost].[/]:173] Initializing Spring embedded WebApplicationContext
2022-04-19 10:29:56.036 [INFO] [main]
                [org.hibernate.jpa.internal.util.LogHelper:31] HHH000204: Processing PersistenceUnitInfo [name: default]
2022-04-19 10:29:56.134 [INFO] [main]
                [org.hibernate.Version:44] HHH000412: Hibernate ORM core version 5.6.7.Final
2022-04-19 10:29:56.456 [INFO] [main]
                [org.hibernate.annotations.common.Version:56] HCANN000001: Hibernate Commons Annotations {5.1.2.Final}
2022-04-19 10:29:56.633 [INFO] [main]
                [com.zaxxer.hikari.HikariDataSource:110] HikariPool-1 - Starting...
2022-04-19 10:29:57.242 [INFO] [main]
                [com.zaxxer.hikari.HikariDataSource:123] HikariPool-1 - Start completed.
2022-04-19 10:29:57.263 [INFO] [main]
                [org.hibernate.dialect.Dialect:175] HHH000400: Using dialect: org.hibernate.dialect.PostgreSQL81Dialect
2022-04-19 10:29:58.912 [INFO] [main]
                [org.hibernate.engine.transaction.jta.platform.internal.JtaPlatformInitiator:52] HHH000490: Using JtaPlatform implementation: [org.hibernate.engine.transaction.jta.platform.internal.NoJtaPlatform]
2022-04-19 10:30:00.018 [INFO] [main]
                [com.zaxxer.hikari.HikariDataSource:350] HikariPool-1 - Shutdown initiated...
2022-04-19 10:30:00.023 [INFO] [main]
                [com.zaxxer.hikari.HikariDataSource:352] HikariPool-1 - Shutdown completed.
2022-04-19 10:30:00.027 [INFO] [main]
                [org.apache.catalina.core.StandardService:173] Stopping service [Tomcat]
2022-04-19 10:30:00.063 [ERROR] [main]
                [org.springframework.boot.diagnostics.LoggingFailureAnalysisReporter:40] 

***************************
APPLICATION FAILED TO START
***************************

Description:

The dependencies of some of the beans in the application context form a cycle:

┌──->──┐
|  ELKController (field org.springframework.web.client.RestTemplate com.example.simpleproject.controller.ELKController.restTemplete)
└──<-──┘


Action:

Relying upon circular references is discouraged and they are prohibited by default. Update your application to remove the dependency cycle between beans. As a last resort, it may be possible to break the cycle automatically by setting spring.main.allow-circular-references to true.

